<?xml version="1.0" encoding="UTF-8"?>
<!-- Generated by org.testng.reporters.JUnitReportReporter -->
<testsuite skipped="1" hostname="DESKTOP-HSLV41C" name="com.crm.test.RegisterTest" tests="2" failures="0" timestamp="29 May 2020 14:52:39 GMT" time="40.320" errors="0">
  <testcase name="createNewAccount" time="40.320" classname="com.crm.test.RegisterTest"/>
  <testcase name="registerTest" classname="com.crm.test.RegisterTest">
    <skipped/>
  </testcase> <!-- registerTest -->
</testsuite> <!-- com.crm.test.RegisterTest -->
